I tensorflow/stream_executor/dso_loader.cc:108] successfully opened CUDA library libcublas.so locally
I tensorflow/stream_executor/dso_loader.cc:108] successfully opened CUDA library libcudnn.so locally
I tensorflow/stream_executor/dso_loader.cc:108] successfully opened CUDA library libcufft.so locally
I tensorflow/stream_executor/dso_loader.cc:108] successfully opened CUDA library libcuda.so.1 locally
I tensorflow/stream_executor/dso_loader.cc:108] successfully opened CUDA library libcurand.so locally
I tensorflow/core/common_runtime/gpu/gpu_init.cc:102] Found device 0 with properties: 
name: Tesla K80
major: 3 minor: 7 memoryClockRate (GHz) 0.8235
pciBusID 0000:1a:00.0
Total memory: 11.25GiB
Free memory: 11.16GiB
I tensorflow/core/common_runtime/gpu/gpu_init.cc:126] DMA: 0 
I tensorflow/core/common_runtime/gpu/gpu_init.cc:136] 0:   Y 
I tensorflow/core/common_runtime/gpu/gpu_device.cc:838] Creating TensorFlow device (/gpu:0) -> (device: 0, name: Tesla K80, pci bus id: 0000:1a:00.0)
Using TensorFlow backend.
Traceback (most recent call last):
  File "./train.py", line 157, in <module>
    run(epochs=epochs,batch_size=batch_size,mid=mid)
  File "./train.py", line 77, in run
    model = VGG_16_2()
  File "/dccstor/dlw/ambrish/examples/adversarial/model_defs.py", line 240, in VGG_16_2
    model.layers[k].set_weights(weights)
  File "/dccstor/dlw/virtual_environments/python3.4/lib/python3.4/site-packages/Keras-1.1.0-py3.4.egg/keras/engine/topology.py", line 889, in set_weights
    'provided weight shape ' + str(w.shape))
Exception: Layer weight shape (2048, 4096) not compatible with provided weight shape (25088, 4096)
